<?xml version="1.0" encoding="UTF-8" ?>
<testsuite failures="0" time="0.059" errors="0" skipped="1" tests="5" name="com.hmkcode.junit.MathTest">
  <properties>
[...]
</properties>
  <testcase time="0" classname="com.hmkcode.junit.MathTest" name="testAssertNotNull">
    <skipped/>
  </testcase>
  <testcase time="0" classname="com.hmkcode.junit.MathTest" name="testSum"/>
  <testcase time="0" classname="com.hmkcode.junit.MathTest" name="testSubtract"/>
  <testcase time="0" classname="com.hmkcode.junit.MathTest" name="testDivide"/>
  <testcase time="0" classname="com.hmkcode.junit.MathTest" name="testMultiply"/>
</testsuite>